[debug] [2024-04-06T14:53:17.482Z] ----------------------------------------------------------------------
[debug] [2024-04-06T14:53:17.484Z] Command:       C:\Program Files\nodejs\node.exe C:\Users\JOANNA\AppData\Roaming\npm\node_modules\firebase-tools\lib\bin\firebase.js deploy --only hosting:tax-calculator-project
[debug] [2024-04-06T14:53:17.485Z] CLI Version:   13.7.1
[debug] [2024-04-06T14:53:17.485Z] Platform:      win32
[debug] [2024-04-06T14:53:17.485Z] Node Version:  v18.13.0
[debug] [2024-04-06T14:53:17.486Z] Time:          Sat Apr 06 2024 23:53:17 GMT+0900 (대한민국 표준시)
[debug] [2024-04-06T14:53:17.487Z] ----------------------------------------------------------------------
[debug] 
[debug] [2024-04-06T14:53:17.560Z] > command requires scopes: ["email","openid","https://www.googleapis.com/auth/cloudplatformprojects.readonly","https://www.googleapis.com/auth/firebase","https://www.googleapis.com/auth/cloud-platform"]
[debug] [2024-04-06T14:53:17.561Z] > authorizing via signed-in user (joannashin3@gmail.com)
[debug] [2024-04-06T14:53:17.561Z] [iam] checking project academy-mingle for permissions ["firebase.projects.get","firebasehosting.sites.update"]
[debug] [2024-04-06T14:53:17.564Z] >>> [apiv2][query] POST https://cloudresourcemanager.googleapis.com/v1/projects/academy-mingle:testIamPermissions [none]
[debug] [2024-04-06T14:53:17.564Z] >>> [apiv2][(partial)header] POST https://cloudresourcemanager.googleapis.com/v1/projects/academy-mingle:testIamPermissions x-goog-quota-user=projects/academy-mingle
[debug] [2024-04-06T14:53:17.564Z] >>> [apiv2][body] POST https://cloudresourcemanager.googleapis.com/v1/projects/academy-mingle:testIamPermissions {"permissions":["firebase.projects.get","firebasehosting.sites.update"]}
[debug] [2024-04-06T14:53:18.475Z] <<< [apiv2][status] POST https://cloudresourcemanager.googleapis.com/v1/projects/academy-mingle:testIamPermissions 200
[debug] [2024-04-06T14:53:18.476Z] <<< [apiv2][body] POST https://cloudresourcemanager.googleapis.com/v1/projects/academy-mingle:testIamPermissions {"permissions":["firebase.projects.get","firebasehosting.sites.update"]}
[debug] [2024-04-06T14:53:18.478Z] >>> [apiv2][query] GET https://firebase.googleapis.com/v1beta1/projects/academy-mingle [none]
[debug] [2024-04-06T14:53:18.903Z] <<< [apiv2][status] GET https://firebase.googleapis.com/v1beta1/projects/academy-mingle 200
[debug] [2024-04-06T14:53:18.903Z] <<< [apiv2][body] GET https://firebase.googleapis.com/v1beta1/projects/academy-mingle {"projectId":"academy-mingle","projectNumber":"131254434421","displayName":"academy-mingle","name":"projects/academy-mingle","resources":{"hostingSite":"academy-mingle"},"state":"ACTIVE","etag":"1_315b1a6f-3193-49ae-a509-64ed61c06adc"}
[info] 
[info] === Deploying to 'academy-mingle'...
[info] 
[info] i  deploying hosting 
[debug] [2024-04-06T14:53:18.911Z] >>> [apiv2][query] POST https://firebasehosting.googleapis.com/v1beta1/projects/-/sites/tax-calculator-project/versions [none]
[debug] [2024-04-06T14:53:18.911Z] >>> [apiv2][body] POST https://firebasehosting.googleapis.com/v1beta1/projects/-/sites/tax-calculator-project/versions {"status":"CREATED","labels":{"deployment-tool":"cli-firebase"}}
